# JRE version: OpenJDK Runtime Environment (8.0_242-b01) (build 1.8.0_242-release-1644-b01)
# Java VM: OpenJDK 64-Bit Server VM (25.242-b01 mixed mode windows-amd64 compressed oops)
Heap:
 PSYoungGen      total 368128K, used 286435K [0x00000000e0000000, 0x0000000100000000, 0x0000000100000000)
  eden space 244736K, 72% used [0x00000000e0000000,0x00000000eac449a0,0x00000000eef00000)
  from space 123392K, 89% used [0x00000000f8700000,0x00000000ff274510,0x00000000fff80000)
  to   space 139776K, 0% used [0x00000000eef00000,0x00000000eef00000,0x00000000f7780000)
 ParOldGen       total 569856K, used 331634K [0x00000000a0000000, 0x00000000c2c80000, 0x00000000e0000000)
  object space 569856K, 58% used [0x00000000a0000000,0x00000000b43dc878,0x00000000c2c80000)
 Metaspace       used 164804K, capacity 176670K, committed 183956K, reserved 1208320K
  class space    used 21029K, capacity 23488K, committed 25276K, reserved 1048576K
GC Heap History (10 events):
Event: 6947.026 GC heap before
{Heap before GC invocations=77 (full 6):
 PSYoungGen      total 353280K, used 353266K [0x00000000e0000000, 0x0000000100000000, 0x0000000100000000)
  eden space 244736K, 100% used [0x00000000e0000000,0x00000000eef00000,0x00000000eef00000)
  from space 108544K, 99% used [0x00000000f8e00000,0x00000000ff7fc8d0,0x00000000ff800000)
  to   space 139776K, 0% used [0x00000000eef00000,0x00000000eef00000,0x00000000f7780000)
 ParOldGen       total 511488K, used 361402K [0x00000000a0000000, 0x00000000bf380000, 0x00000000e0000000)
  object space 511488K, 70% used [0x00000000a0000000,0x00000000b60ee8e8,0x00000000bf380000)
 Metaspace       used 164489K, capacity 176288K, committed 183956K, reserved 1208320K
  class space    used 21009K, capacity 23471K, committed 25276K, reserved 1048576K
Event: 6947.330 GC heap after
Heap after GC invocations=77 (full 6):
 PSYoungGen      total 384512K, used 48028K [0x00000000e0000000, 0x0000000100000000, 0x0000000100000000)
  eden space 244736K, 0% used [0x00000000e0000000,0x00000000e0000000,0x00000000eef00000)
  from space 139776K, 34% used [0x00000000eef00000,0x00000000f1de7018,0x00000000f7780000)
  to   space 131584K, 0% used [0x00000000f7f80000,0x00000000f7f80000,0x0000000100000000)
 ParOldGen       total 511488K, used 447371K [0x00000000a0000000, 0x00000000bf380000, 0x00000000e0000000)
  object space 511488K, 87% used [0x00000000a0000000,0x00000000bb4e2c98,0x00000000bf380000)
 Metaspace       used 164489K, capacity 176288K, committed 183956K, reserved 1208320K
  class space    used 21009K, capacity 23471K, committed 25276K, reserved 1048576K
}
Event: 6947.337 GC heap before
{Heap before GC invocations=78 (full 7):
 PSYoungGen      total 384512K, used 48028K [0x00000000e0000000, 0x0000000100000000, 0x0000000100000000)
  eden space 244736K, 0% used [0x00000000e0000000,0x00000000e0000000,0x00000000eef00000)
  from space 139776K, 34% used [0x00000000eef00000,0x00000000f1de7018,0x00000000f7780000)
  to   space 131584K, 0% used [0x00000000f7f80000,0x00000000f7f80000,0x0000000100000000)
 ParOldGen       total 511488K, used 447371K [0x00000000a0000000, 0x00000000bf380000, 0x00000000e0000000)
  object space 511488K, 87% used [0x00000000a0000000,0x00000000bb4e2c98,0x00000000bf380000)
 Metaspace       used 164489K, capacity 176288K, committed 183956K, reserved 1208320K
  class space    used 21009K, capacity 23471K, committed 25276K, reserved 1048576K
Event: 6951.759 GC heap after
Heap after GC invocations=78 (full 7):
 PSYoungGen      total 384512K, used 0K [0x00000000e0000000, 0x0000000100000000, 0x0000000100000000)
  eden space 244736K, 0% used [0x00000000e0000000,0x00000000e0000000,0x00000000eef00000)
  from space 139776K, 0% used [0x00000000eef00000,0x00000000eef00000,0x00000000f7780000)
  to   space 131584K, 0% used [0x00000000f7f80000,0x00000000f7f80000,0x0000000100000000)
 ParOldGen       total 569856K, used 317057K [0x00000000a0000000, 0x00000000c2c80000, 0x00000000e0000000)
  object space 569856K, 55% used [0x00000000a0000000,0x00000000b35a04b8,0x00000000c2c80000)
 Metaspace       used 164489K, capacity 176288K, committed 183956K, reserved 1208320K
  class space    used 21009K, capacity 23471K, committed 25276K, reserved 1048576K
}
Event: 6955.298 GC heap before
{Heap before GC invocations=79 (full 7):
 PSYoungGen      total 384512K, used 244736K [0x00000000e0000000, 0x0000000100000000, 0x0000000100000000)
  eden space 244736K, 100% used [0x00000000e0000000,0x00000000eef00000,0x00000000eef00000)
  from space 139776K, 0% used [0x00000000eef00000,0x00000000eef00000,0x00000000f7780000)
  to   space 131584K, 0% used [0x00000000f7f80000,0x00000000f7f80000,0x0000000100000000)
 ParOldGen       total 569856K, used 317086K [0x00000000a0000000, 0x00000000c2c80000, 0x00000000e0000000)
  object space 569856K, 55% used [0x00000000a0000000,0x00000000b35a78b8,0x00000000c2c80000)
 Metaspace       used 164610K, capacity 176428K, committed 183956K, reserved 1208320K
  class space    used 21022K, capacity 23485K, committed 25276K, reserved 1048576K
Event: 6955.336 GC heap after
Heap after GC invocations=79 (full 7):
 PSYoungGen      total 364032K, used 30980K [0x00000000e0000000, 0x00000000fec00000, 0x0000000100000000)
  eden space 252928K, 0% used [0x00000000e0000000,0x00000000e0000000,0x00000000ef700000)
  from space 111104K, 27% used [0x00000000f7f80000,0x00000000f9dc11b0,0x00000000fec00000)
  to   space 125440K, 0% used [0x00000000ef700000,0x00000000ef700000,0x00000000f7180000)
 ParOldGen       total 569856K, used 317086K [0x00000000a0000000, 0x00000000c2c80000, 0x00000000e0000000)
  object space 569856K, 55% used [0x00000000a0000000,0x00000000b35a78b8,0x00000000c2c80000)
 Metaspace       used 164610K, capacity 176428K, committed 183956K, reserved 1208320K
  class space    used 21022K, capacity 23485K, committed 25276K, reserved 1048576K
}
Event: 6957.871 GC heap before
{Heap before GC invocations=80 (full 7):
 PSYoungGen      total 364032K, used 283703K [0x00000000e0000000, 0x00000000fec00000, 0x0000000100000000)
  eden space 252928K, 99% used [0x00000000e0000000,0x00000000ef6cca50,0x00000000ef700000)
  from space 111104K, 27% used [0x00000000f7f80000,0x00000000f9dc11b0,0x00000000fec00000)
  to   space 125440K, 0% used [0x00000000ef700000,0x00000000ef700000,0x00000000f7180000)
 ParOldGen       total 569856K, used 317086K [0x00000000a0000000, 0x00000000c2c80000, 0x00000000e0000000)
  object space 569856K, 55% used [0x00000000a0000000,0x00000000b35a78b8,0x00000000c2c80000)
 Metaspace       used 164651K, capacity 176508K, committed 183956K, reserved 1208320K
  class space    used 21023K, capacity 23485K, committed 25276K, reserved 1048576K
Event: 6957.988 GC heap after
Heap after GC invocations=80 (full 7):
 PSYoungGen      total 378368K, used 60564K [0x00000000e0000000, 0x00000000fff80000, 0x0000000100000000)
  eden space 252928K, 0% used [0x00000000e0000000,0x00000000e0000000,0x00000000ef700000)
  from space 125440K, 48% used [0x00000000ef700000,0x00000000f3225348,0x00000000f7180000)
  to   space 123392K, 0% used [0x00000000f8700000,0x00000000f8700000,0x00000000fff80000)
 ParOldGen       total 569856K, used 331626K [0x00000000a0000000, 0x00000000c2c80000, 0x00000000e0000000)
  object space 569856K, 58% used [0x00000000a0000000,0x00000000b43da878,0x00000000c2c80000)
 Metaspace       used 164651K, capacity 176508K, committed 183956K, reserved 1208320K
  class space    used 21023K, capacity 23485K, committed 25276K, reserved 1048576K
}
Event: 6961.654 GC heap before
{Heap before GC invocations=81 (full 7):
 PSYoungGen      total 378368K, used 311488K [0x00000000e0000000, 0x00000000fff80000, 0x0000000100000000)
  eden space 252928K, 99% used [0x00000000e0000000,0x00000000ef50af20,0x00000000ef700000)
  from space 125440K, 48% used [0x00000000ef700000,0x00000000f3225348,0x00000000f7180000)
  to   space 123392K, 0% used [0x00000000f8700000,0x00000000f8700000,0x00000000fff80000)
 ParOldGen       total 569856K, used 331626K [0x00000000a0000000, 0x00000000c2c80000, 0x00000000e0000000)
  object space 569856K, 58% used [0x00000000a0000000,0x00000000b43da878,0x00000000c2c80000)
 Metaspace       used 164651K, capacity 176508K, committed 183956K, reserved 1208320K
  class space    used 21023K, capacity 23485K, committed 25276K, reserved 1048576K
Event: 6961.678 GC heap after
Heap after GC invocations=81 (full 7):
 PSYoungGen      total 368128K, used 110033K [0x00000000e0000000, 0x0000000100000000, 0x0000000100000000)
  eden space 244736K, 0% used [0x00000000e0000000,0x00000000e0000000,0x00000000eef00000)
  from space 123392K, 89% used [0x00000000f8700000,0x00000000ff274510,0x00000000fff80000)
  to   space 139776K, 0% used [0x00000000eef00000,0x00000000eef00000,0x00000000f7780000)
 ParOldGen       total 569856K, used 331634K [0x00000000a0000000, 0x00000000c2c80000, 0x00000000e0000000)
  object space 569856K, 58% used [0x00000000a0000000,0x00000000b43dc878,0x00000000c2c80000)
 Metaspace       used 164651K, capacity 176508K, committed 183956K, reserved 1208320K
  class space    used 21023K, capacity 23485K, committed 25276K, reserved 1048576K
}

