# JRE version: OpenJDK Runtime Environment (8.0_242-b01) (build 1.8.0_242-release-1644-b01)
# Java VM: OpenJDK 64-Bit Server VM (25.242-b01 mixed mode windows-amd64 compressed oops)
Heap:
 PSYoungGen      total 413696K, used 205312K [0x00000000e0000000, 0x0000000100000000, 0x0000000100000000)
  eden space 305152K, 48% used [0x00000000e0000000,0x00000000e91ebb60,0x00000000f2a00000)
  from space 108544K, 51% used [0x00000000f2a00000,0x00000000f6094630,0x00000000f9400000)
  to   space 108544K, 0% used [0x00000000f9600000,0x00000000f9600000,0x0000000100000000)
 ParOldGen       total 411648K, used 74794K [0x00000000a0000000, 0x00000000b9200000, 0x00000000e0000000)
  object space 411648K, 18% used [0x00000000a0000000,0x00000000a490abb8,0x00000000b9200000)
 Metaspace       used 121481K, capacity 134213K, committed 135128K, reserved 1167360K
  class space    used 15114K, capacity 17469K, committed 17664K, reserved 1048576K
GC Heap History (10 events):
Event: 14938.731 GC heap before
{Heap before GC invocations=162 (full 16):
 PSYoungGen      total 397824K, used 311896K [0x00000000e0000000, 0x00000000ff500000, 0x0000000100000000)
  eden space 285696K, 100% used [0x00000000e0000000,0x00000000f1700000,0x00000000f1700000)
  from space 112128K, 23% used [0x00000000f1700000,0x00000000f30961d0,0x00000000f8480000)
  to   space 109056K, 0% used [0x00000000f8a80000,0x00000000f8a80000,0x00000000ff500000)
 ParOldGen       total 521728K, used 407445K [0x00000000a0000000, 0x00000000bfd80000, 0x00000000e0000000)
  object space 521728K, 78% used [0x00000000a0000000,0x00000000b8de55e8,0x00000000bfd80000)
 Metaspace       used 121659K, capacity 134659K, committed 134872K, reserved 1167360K
  class space    used 15175K, capacity 17582K, committed 17664K, reserved 1048576K
Event: 14938.757 GC heap after
Heap after GC invocations=162 (full 16):
 PSYoungGen      total 403456K, used 1552K [0x00000000e0000000, 0x00000000ffe00000, 0x0000000100000000)
  eden space 294400K, 0% used [0x00000000e0000000,0x00000000e0000000,0x00000000f1f80000)
  from space 109056K, 1% used [0x00000000f8a80000,0x00000000f8c04010,0x00000000ff500000)
  to   space 109568K, 0% used [0x00000000f1f80000,0x00000000f1f80000,0x00000000f8a80000)
 ParOldGen       total 521728K, used 431427K [0x00000000a0000000, 0x00000000bfd80000, 0x00000000e0000000)
  object space 521728K, 82% used [0x00000000a0000000,0x00000000ba550fd0,0x00000000bfd80000)
 Metaspace       used 121659K, capacity 134659K, committed 134872K, reserved 1167360K
  class space    used 15175K, capacity 17582K, committed 17664K, reserved 1048576K
}
Event: 15132.240 GC heap before
{Heap before GC invocations=163 (full 16):
 PSYoungGen      total 403456K, used 295952K [0x00000000e0000000, 0x00000000ffe00000, 0x0000000100000000)
  eden space 294400K, 100% used [0x00000000e0000000,0x00000000f1f80000,0x00000000f1f80000)
  from space 109056K, 1% used [0x00000000f8a80000,0x00000000f8c04010,0x00000000ff500000)
  to   space 109568K, 0% used [0x00000000f1f80000,0x00000000f1f80000,0x00000000f8a80000)
 ParOldGen       total 521728K, used 431427K [0x00000000a0000000, 0x00000000bfd80000, 0x00000000e0000000)
  object space 521728K, 82% used [0x00000000a0000000,0x00000000ba550fd0,0x00000000bfd80000)
 Metaspace       used 121674K, capacity 134659K, committed 134872K, reserved 1167360K
  class space    used 15175K, capacity 17582K, committed 17664K, reserved 1048576K
Event: 15132.326 GC heap after
Heap after GC invocations=163 (full 16):
 PSYoungGen      total 403968K, used 58654K [0x00000000e0000000, 0x0000000100000000, 0x0000000100000000)
  eden space 294400K, 0% used [0x00000000e0000000,0x00000000e0000000,0x00000000f1f80000)
  from space 109568K, 53% used [0x00000000f1f80000,0x00000000f58c78b0,0x00000000f8a80000)
  to   space 109568K, 0% used [0x00000000f9500000,0x00000000f9500000,0x0000000100000000)
 ParOldGen       total 521728K, used 432367K [0x00000000a0000000, 0x00000000bfd80000, 0x00000000e0000000)
  object space 521728K, 82% used [0x00000000a0000000,0x00000000ba63bed8,0x00000000bfd80000)
 Metaspace       used 121674K, capacity 134659K, committed 134872K, reserved 1167360K
  class space    used 15175K, capacity 17582K, committed 17664K, reserved 1048576K
}
Event: 15957.019 GC heap before
{Heap before GC invocations=164 (full 16):
 PSYoungGen      total 403968K, used 353054K [0x00000000e0000000, 0x0000000100000000, 0x0000000100000000)
  eden space 294400K, 100% used [0x00000000e0000000,0x00000000f1f80000,0x00000000f1f80000)
  from space 109568K, 53% used [0x00000000f1f80000,0x00000000f58c78b0,0x00000000f8a80000)
  to   space 109568K, 0% used [0x00000000f9500000,0x00000000f9500000,0x0000000100000000)
 ParOldGen       total 521728K, used 432367K [0x00000000a0000000, 0x00000000bfd80000, 0x00000000e0000000)
  object space 521728K, 82% used [0x00000000a0000000,0x00000000ba63bed8,0x00000000bfd80000)
 Metaspace       used 121681K, capacity 134659K, committed 134872K, reserved 1167360K
  class space    used 15175K, capacity 17582K, committed 17664K, reserved 1048576K
Event: 15957.274 GC heap after
Heap after GC invocations=164 (full 16):
 PSYoungGen      total 412672K, used 6713K [0x00000000e0000000, 0x00000000ffe00000, 0x0000000100000000)
  eden space 305152K, 0% used [0x00000000e0000000,0x00000000e0000000,0x00000000f2a00000)
  from space 107520K, 6% used [0x00000000f9500000,0x00000000f9b8e5e0,0x00000000ffe00000)
  to   space 108544K, 0% used [0x00000000f2a00000,0x00000000f2a00000,0x00000000f9400000)
 ParOldGen       total 521728K, used 483243K [0x00000000a0000000, 0x00000000bfd80000, 0x00000000e0000000)
  object space 521728K, 92% used [0x00000000a0000000,0x00000000bd7eafa0,0x00000000bfd80000)
 Metaspace       used 121681K, capacity 134659K, committed 134872K, reserved 1167360K
  class space    used 15175K, capacity 17582K, committed 17664K, reserved 1048576K
}
Event: 15957.274 GC heap before
{Heap before GC invocations=165 (full 17):
 PSYoungGen      total 412672K, used 6713K [0x00000000e0000000, 0x00000000ffe00000, 0x0000000100000000)
  eden space 305152K, 0% used [0x00000000e0000000,0x00000000e0000000,0x00000000f2a00000)
  from space 107520K, 6% used [0x00000000f9500000,0x00000000f9b8e5e0,0x00000000ffe00000)
  to   space 108544K, 0% used [0x00000000f2a00000,0x00000000f2a00000,0x00000000f9400000)
 ParOldGen       total 521728K, used 483243K [0x00000000a0000000, 0x00000000bfd80000, 0x00000000e0000000)
  object space 521728K, 92% used [0x00000000a0000000,0x00000000bd7eafa0,0x00000000bfd80000)
 Metaspace       used 121681K, capacity 134659K, committed 134872K, reserved 1167360K
  class space    used 15175K, capacity 17582K, committed 17664K, reserved 1048576K
Event: 15960.064 GC heap after
Heap after GC invocations=165 (full 17):
 PSYoungGen      total 412672K, used 0K [0x00000000e0000000, 0x00000000ffe00000, 0x0000000100000000)
  eden space 305152K, 0% used [0x00000000e0000000,0x00000000e0000000,0x00000000f2a00000)
  from space 107520K, 0% used [0x00000000f9500000,0x00000000f9500000,0x00000000ffe00000)
  to   space 108544K, 0% used [0x00000000f2a00000,0x00000000f2a00000,0x00000000f9400000)
 ParOldGen       total 411648K, used 74786K [0x00000000a0000000, 0x00000000b9200000, 0x00000000e0000000)
  object space 411648K, 18% used [0x00000000a0000000,0x00000000a4908bb8,0x00000000b9200000)
 Metaspace       used 121152K, capacity 133789K, committed 134872K, reserved 1167360K
  class space    used 15097K, capacity 17437K, committed 17664K, reserved 1048576K
}
Event: 15962.076 GC heap before
{Heap before GC invocations=166 (full 17):
 PSYoungGen      total 412672K, used 305152K [0x00000000e0000000, 0x00000000ffe00000, 0x0000000100000000)
  eden space 305152K, 100% used [0x00000000e0000000,0x00000000f2a00000,0x00000000f2a00000)
  from space 107520K, 0% used [0x00000000f9500000,0x00000000f9500000,0x00000000ffe00000)
  to   space 108544K, 0% used [0x00000000f2a00000,0x00000000f2a00000,0x00000000f9400000)
 ParOldGen       total 411648K, used 74786K [0x00000000a0000000, 0x00000000b9200000, 0x00000000e0000000)
  object space 411648K, 18% used [0x00000000a0000000,0x00000000a4908bb8,0x00000000b9200000)
 Metaspace       used 121341K, capacity 134017K, committed 135128K, reserved 1167360K
  class space    used 15097K, capacity 17437K, committed 17664K, reserved 1048576K
Event: 15962.191 GC heap after
Heap after GC invocations=166 (full 17):
 PSYoungGen      total 413696K, used 55889K [0x00000000e0000000, 0x0000000100000000, 0x0000000100000000)
  eden space 305152K, 0% used [0x00000000e0000000,0x00000000e0000000,0x00000000f2a00000)
  from space 108544K, 51% used [0x00000000f2a00000,0x00000000f6094630,0x00000000f9400000)
  to   space 108544K, 0% used [0x00000000f9600000,0x00000000f9600000,0x0000000100000000)
 ParOldGen       total 411648K, used 74794K [0x00000000a0000000, 0x00000000b9200000, 0x00000000e0000000)
  object space 411648K, 18% used [0x00000000a0000000,0x00000000a490abb8,0x00000000b9200000)
 Metaspace       used 121341K, capacity 134017K, committed 135128K, reserved 1167360K
  class space    used 15097K, capacity 17437K, committed 17664K, reserved 1048576K
}

