# JRE version: OpenJDK Runtime Environment (8.0_242-b01) (build 1.8.0_242-release-1644-b01)
# Java VM: OpenJDK 64-Bit Server VM (25.242-b01 mixed mode windows-amd64 compressed oops)
Heap:
 PSYoungGen      total 417792K, used 147093K [0x00000000e0000000, 0x0000000100000000, 0x0000000100000000)
  eden space 313344K, 44% used [0x00000000e0000000,0x00000000e87f1450,0x00000000f3200000)
  from space 104448K, 7% used [0x00000000f9a00000,0x00000000fa1b4140,0x0000000100000000)
  to   space 105472K, 0% used [0x00000000f3200000,0x00000000f3200000,0x00000000f9900000)
 ParOldGen       total 339456K, used 276742K [0x00000000a0000000, 0x00000000b4b80000, 0x00000000e0000000)
  object space 339456K, 81% used [0x00000000a0000000,0x00000000b0e41ac8,0x00000000b4b80000)
 Metaspace       used 87241K, capacity 94302K, committed 94612K, reserved 1130496K
  class space    used 11353K, capacity 12878K, committed 12988K, reserved 1048576K
GC Heap History (10 events):
Event: 2130.890 GC heap before
{Heap before GC invocations=40 (full 4):
 PSYoungGen      total 391680K, used 320527K [0x00000000e0000000, 0x00000000ff480000, 0x0000000100000000)
  eden space 276992K, 100% used [0x00000000e0000000,0x00000000f0e80000,0x00000000f0e80000)
  from space 114688K, 37% used [0x00000000f0e80000,0x00000000f3903f30,0x00000000f7e80000)
  to   space 109568K, 0% used [0x00000000f8980000,0x00000000f8980000,0x00000000ff480000)
 ParOldGen       total 339456K, used 276606K [0x00000000a0000000, 0x00000000b4b80000, 0x00000000e0000000)
  object space 339456K, 81% used [0x00000000a0000000,0x00000000b0e1fac8,0x00000000b4b80000)
 Metaspace       used 86346K, capacity 93048K, committed 93204K, reserved 1130496K
  class space    used 11289K, capacity 12767K, committed 12860K, reserved 1048576K
Event: 2131.901 GC heap after
Heap after GC invocations=40 (full 4):
 PSYoungGen      total 404480K, used 62495K [0x00000000e0000000, 0x00000000ff800000, 0x0000000100000000)
  eden space 294912K, 0% used [0x00000000e0000000,0x00000000e0000000,0x00000000f2000000)
  from space 109568K, 57% used [0x00000000f8980000,0x00000000fc687fb0,0x00000000ff480000)
  to   space 108032K, 0% used [0x00000000f2000000,0x00000000f2000000,0x00000000f8980000)
 ParOldGen       total 339456K, used 276614K [0x00000000a0000000, 0x00000000b4b80000, 0x00000000e0000000)
  object space 339456K, 81% used [0x00000000a0000000,0x00000000b0e21ac8,0x00000000b4b80000)
 Metaspace       used 86346K, capacity 93048K, committed 93204K, reserved 1130496K
  class space    used 11289K, capacity 12767K, committed 12860K, reserved 1048576K
}
Event: 2269.212 GC heap before
{Heap before GC invocations=41 (full 4):
 PSYoungGen      total 404480K, used 357407K [0x00000000e0000000, 0x00000000ff800000, 0x0000000100000000)
  eden space 294912K, 100% used [0x00000000e0000000,0x00000000f2000000,0x00000000f2000000)
  from space 109568K, 57% used [0x00000000f8980000,0x00000000fc687fb0,0x00000000ff480000)
  to   space 108032K, 0% used [0x00000000f2000000,0x00000000f2000000,0x00000000f8980000)
 ParOldGen       total 339456K, used 276614K [0x00000000a0000000, 0x00000000b4b80000, 0x00000000e0000000)
  object space 339456K, 81% used [0x00000000a0000000,0x00000000b0e21ac8,0x00000000b4b80000)
 Metaspace       used 86534K, capacity 93252K, committed 93460K, reserved 1130496K
  class space    used 11290K, capacity 12767K, committed 12860K, reserved 1048576K
Event: 2269.819 GC heap after
Heap after GC invocations=41 (full 4):
 PSYoungGen      total 402944K, used 48472K [0x00000000e0000000, 0x00000000ff480000, 0x0000000100000000)
  eden space 294912K, 0% used [0x00000000e0000000,0x00000000e0000000,0x00000000f2000000)
  from space 108032K, 44% used [0x00000000f2000000,0x00000000f4f560f0,0x00000000f8980000)
  to   space 102912K, 0% used [0x00000000f9000000,0x00000000f9000000,0x00000000ff480000)
 ParOldGen       total 339456K, used 276646K [0x00000000a0000000, 0x00000000b4b80000, 0x00000000e0000000)
  object space 339456K, 81% used [0x00000000a0000000,0x00000000b0e29ac8,0x00000000b4b80000)
 Metaspace       used 86534K, capacity 93252K, committed 93460K, reserved 1130496K
  class space    used 11290K, capacity 12767K, committed 12860K, reserved 1048576K
}
Event: 2324.940 GC heap before
{Heap before GC invocations=42 (full 4):
 PSYoungGen      total 402944K, used 343384K [0x00000000e0000000, 0x00000000ff480000, 0x0000000100000000)
  eden space 294912K, 100% used [0x00000000e0000000,0x00000000f2000000,0x00000000f2000000)
  from space 108032K, 44% used [0x00000000f2000000,0x00000000f4f560f0,0x00000000f8980000)
  to   space 102912K, 0% used [0x00000000f9000000,0x00000000f9000000,0x00000000ff480000)
 ParOldGen       total 339456K, used 276646K [0x00000000a0000000, 0x00000000b4b80000, 0x00000000e0000000)
  object space 339456K, 81% used [0x00000000a0000000,0x00000000b0e29ac8,0x00000000b4b80000)
 Metaspace       used 86608K, capacity 93316K, committed 93460K, reserved 1130496K
  class space    used 11291K, capacity 12767K, committed 12860K, reserved 1048576K
Event: 2326.277 GC heap after
Heap after GC invocations=42 (full 4):
 PSYoungGen      total 406528K, used 2088K [0x00000000e0000000, 0x0000000100000000, 0x0000000100000000)
  eden space 303616K, 0% used [0x00000000e0000000,0x00000000e0000000,0x00000000f2880000)
  from space 102912K, 2% used [0x00000000f9000000,0x00000000f920a0d0,0x00000000ff480000)
  to   space 105984K, 0% used [0x00000000f2880000,0x00000000f2880000,0x00000000f9000000)
 ParOldGen       total 339456K, used 276654K [0x00000000a0000000, 0x00000000b4b80000, 0x00000000e0000000)
  object space 339456K, 81% used [0x00000000a0000000,0x00000000b0e2bac8,0x00000000b4b80000)
 Metaspace       used 86608K, capacity 93316K, committed 93460K, reserved 1130496K
  class space    used 11291K, capacity 12767K, committed 12860K, reserved 1048576K
}
Event: 2337.460 GC heap before
{Heap before GC invocations=43 (full 4):
 PSYoungGen      total 406528K, used 305704K [0x00000000e0000000, 0x0000000100000000, 0x0000000100000000)
  eden space 303616K, 100% used [0x00000000e0000000,0x00000000f2880000,0x00000000f2880000)
  from space 102912K, 2% used [0x00000000f9000000,0x00000000f920a0d0,0x00000000ff480000)
  to   space 105984K, 0% used [0x00000000f2880000,0x00000000f2880000,0x00000000f9000000)
 ParOldGen       total 339456K, used 276654K [0x00000000a0000000, 0x00000000b4b80000, 0x00000000e0000000)
  object space 339456K, 81% used [0x00000000a0000000,0x00000000b0e2bac8,0x00000000b4b80000)
 Metaspace       used 86882K, capacity 93594K, committed 93716K, reserved 1130496K
  class space    used 11307K, capacity 12792K, committed 12860K, reserved 1048576K
Event: 2338.914 GC heap after
Heap after GC invocations=43 (full 4):
 PSYoungGen      total 409600K, used 58273K [0x00000000e0000000, 0x0000000100000000, 0x0000000100000000)
  eden space 303616K, 0% used [0x00000000e0000000,0x00000000e0000000,0x00000000f2880000)
  from space 105984K, 54% used [0x00000000f2880000,0x00000000f61684c0,0x00000000f9000000)
  to   space 104448K, 0% used [0x00000000f9a00000,0x00000000f9a00000,0x0000000100000000)
 ParOldGen       total 339456K, used 276662K [0x00000000a0000000, 0x00000000b4b80000, 0x00000000e0000000)
  object space 339456K, 81% used [0x00000000a0000000,0x00000000b0e2dac8,0x00000000b4b80000)
 Metaspace       used 86882K, capacity 93594K, committed 93716K, reserved 1130496K
  class space    used 11307K, capacity 12792K, committed 12860K, reserved 1048576K
}
Event: 5315.539 GC heap before
{Heap before GC invocations=44 (full 4):
 PSYoungGen      total 409600K, used 361889K [0x00000000e0000000, 0x0000000100000000, 0x0000000100000000)
  eden space 303616K, 100% used [0x00000000e0000000,0x00000000f2880000,0x00000000f2880000)
  from space 105984K, 54% used [0x00000000f2880000,0x00000000f61684c0,0x00000000f9000000)
  to   space 104448K, 0% used [0x00000000f9a00000,0x00000000f9a00000,0x0000000100000000)
 ParOldGen       total 339456K, used 276662K [0x00000000a0000000, 0x00000000b4b80000, 0x00000000e0000000)
  object space 339456K, 81% used [0x00000000a0000000,0x00000000b0e2dac8,0x00000000b4b80000)
 Metaspace       used 87175K, capacity 94174K, committed 94356K, reserved 1130496K
  class space    used 11353K, capacity 12878K, committed 12988K, reserved 1048576K
Event: 5318.176 GC heap after
Heap after GC invocations=44 (full 4):
 PSYoungGen      total 417792K, used 7888K [0x00000000e0000000, 0x0000000100000000, 0x0000000100000000)
  eden space 313344K, 0% used [0x00000000e0000000,0x00000000e0000000,0x00000000f3200000)
  from space 104448K, 7% used [0x00000000f9a00000,0x00000000fa1b4140,0x0000000100000000)
  to   space 105472K, 0% used [0x00000000f3200000,0x00000000f3200000,0x00000000f9900000)
 ParOldGen       total 339456K, used 276742K [0x00000000a0000000, 0x00000000b4b80000, 0x00000000e0000000)
  object space 339456K, 81% used [0x00000000a0000000,0x00000000b0e41ac8,0x00000000b4b80000)
 Metaspace       used 87175K, capacity 94174K, committed 94356K, reserved 1130496K
  class space    used 11353K, capacity 12878K, committed 12988K, reserved 1048576K
}

