# JRE version: OpenJDK Runtime Environment (8.0_242-b01) (build 1.8.0_242-release-1644-b01)
# Java VM: OpenJDK 64-Bit Server VM (25.242-b01 mixed mode windows-amd64 compressed oops)
Heap:
 PSYoungGen      total 222208K, used 164851K [0x00000000e0000000, 0x00000000f0200000, 0x0000000100000000)
  eden space 204800K, 80% used [0x00000000e0000000,0x00000000ea0fce60,0x00000000ec800000)
  from space 17408K, 0% used [0x00000000ed880000,0x00000000ed880000,0x00000000ee980000)
  to   space 16896K, 0% used [0x00000000ec800000,0x00000000ec800000,0x00000000ed880000)
 ParOldGen       total 126464K, used 41112K [0x00000000a0000000, 0x00000000a7b80000, 0x00000000e0000000)
  object space 126464K, 32% used [0x00000000a0000000,0x00000000a28263f0,0x00000000a7b80000)
 Metaspace       used 60448K, capacity 63858K, committed 64020K, reserved 1103872K
  class space    used 8252K, capacity 9243K, committed 9276K, reserved 1048576K
GC Heap History (10 events):
Event: 21.900 GC heap before
{Heap before GC invocations=11 (full 2):
 PSYoungGen      total 128512K, used 12276K [0x00000000e0000000, 0x00000000ec080000, 0x0000000100000000)
  eden space 116224K, 0% used [0x00000000e0000000,0x00000000e0000000,0x00000000e7180000)
  from space 12288K, 99% used [0x00000000e7180000,0x00000000e7d7d088,0x00000000e7d80000)
  to   space 13824K, 0% used [0x00000000eb300000,0x00000000eb300000,0x00000000ec080000)
 ParOldGen       total 54272K, used 9978K [0x00000000a0000000, 0x00000000a3500000, 0x00000000e0000000)
  object space 54272K, 18% used [0x00000000a0000000,0x00000000a09beb60,0x00000000a3500000)
 Metaspace       used 34502K, capacity 35370K, committed 35416K, reserved 1079296K
  class space    used 4723K, capacity 4967K, committed 4992K, reserved 1048576K
Event: 21.996 GC heap after
Heap after GC invocations=11 (full 2):
 PSYoungGen      total 128512K, used 0K [0x00000000e0000000, 0x00000000ec080000, 0x0000000100000000)
  eden space 116224K, 0% used [0x00000000e0000000,0x00000000e0000000,0x00000000e7180000)
  from space 12288K, 0% used [0x00000000e7180000,0x00000000e7180000,0x00000000e7d80000)
  to   space 13824K, 0% used [0x00000000eb300000,0x00000000eb300000,0x00000000ec080000)
 ParOldGen       total 80384K, used 19412K [0x00000000a0000000, 0x00000000a4e80000, 0x00000000e0000000)
  object space 80384K, 24% used [0x00000000a0000000,0x00000000a12f50e8,0x00000000a4e80000)
 Metaspace       used 34502K, capacity 35370K, committed 35416K, reserved 1079296K
  class space    used 4723K, capacity 4967K, committed 4992K, reserved 1048576K
}
Event: 26.585 GC heap before
{Heap before GC invocations=12 (full 2):
 PSYoungGen      total 128512K, used 116224K [0x00000000e0000000, 0x00000000ec080000, 0x0000000100000000)
  eden space 116224K, 100% used [0x00000000e0000000,0x00000000e7180000,0x00000000e7180000)
  from space 12288K, 0% used [0x00000000e7180000,0x00000000e7180000,0x00000000e7d80000)
  to   space 13824K, 0% used [0x00000000eb300000,0x00000000eb300000,0x00000000ec080000)
 ParOldGen       total 80384K, used 19412K [0x00000000a0000000, 0x00000000a4e80000, 0x00000000e0000000)
  object space 80384K, 24% used [0x00000000a0000000,0x00000000a12f50e8,0x00000000a4e80000)
 Metaspace       used 45289K, capacity 46338K, committed 46552K, reserved 1089536K
  class space    used 6032K, capacity 6363K, committed 6400K, reserved 1048576K
Event: 26.615 GC heap after
Heap after GC invocations=12 (full 2):
 PSYoungGen      total 169472K, used 13819K [0x00000000e0000000, 0x00000000ec080000, 0x0000000100000000)
  eden space 155648K, 0% used [0x00000000e0000000,0x00000000e0000000,0x00000000e9800000)
  from space 13824K, 99% used [0x00000000eb300000,0x00000000ec07eea8,0x00000000ec080000)
  to   space 15872K, 0% used [0x00000000ea180000,0x00000000ea180000,0x00000000eb100000)
 ParOldGen       total 80384K, used 19920K [0x00000000a0000000, 0x00000000a4e80000, 0x00000000e0000000)
  object space 80384K, 24% used [0x00000000a0000000,0x00000000a1374058,0x00000000a4e80000)
 Metaspace       used 45289K, capacity 46338K, committed 46552K, reserved 1089536K
  class space    used 6032K, capacity 6363K, committed 6400K, reserved 1048576K
}
Event: 33.688 GC heap before
{Heap before GC invocations=13 (full 2):
 PSYoungGen      total 169472K, used 169467K [0x00000000e0000000, 0x00000000ec080000, 0x0000000100000000)
  eden space 155648K, 100% used [0x00000000e0000000,0x00000000e9800000,0x00000000e9800000)
  from space 13824K, 99% used [0x00000000eb300000,0x00000000ec07eea8,0x00000000ec080000)
  to   space 15872K, 0% used [0x00000000ea180000,0x00000000ea180000,0x00000000eb100000)
 ParOldGen       total 80384K, used 19920K [0x00000000a0000000, 0x00000000a4e80000, 0x00000000e0000000)
  object space 80384K, 24% used [0x00000000a0000000,0x00000000a1374058,0x00000000a4e80000)
 Metaspace       used 52991K, capacity 54738K, committed 55000K, reserved 1097728K
  class space    used 7220K, capacity 7664K, committed 7680K, reserved 1048576K
Event: 33.724 GC heap after
Heap after GC invocations=13 (full 2):
 PSYoungGen      total 181248K, used 14833K [0x00000000e0000000, 0x00000000ee980000, 0x0000000100000000)
  eden space 165376K, 0% used [0x00000000e0000000,0x00000000e0000000,0x00000000ea180000)
  from space 15872K, 93% used [0x00000000ea180000,0x00000000eaffc608,0x00000000eb100000)
  to   space 17408K, 0% used [0x00000000ed880000,0x00000000ed880000,0x00000000ee980000)
 ParOldGen       total 80384K, used 26698K [0x00000000a0000000, 0x00000000a4e80000, 0x00000000e0000000)
  object space 80384K, 33% used [0x00000000a0000000,0x00000000a1a12940,0x00000000a4e80000)
 Metaspace       used 52991K, capacity 54738K, committed 55000K, reserved 1097728K
  class space    used 7220K, capacity 7664K, committed 7680K, reserved 1048576K
}
Event: 38.202 GC heap before
{Heap before GC invocations=14 (full 2):
 PSYoungGen      total 181248K, used 107473K [0x00000000e0000000, 0x00000000ee980000, 0x0000000100000000)
  eden space 165376K, 56% used [0x00000000e0000000,0x00000000e5a77f08,0x00000000ea180000)
  from space 15872K, 93% used [0x00000000ea180000,0x00000000eaffc608,0x00000000eb100000)
  to   space 17408K, 0% used [0x00000000ed880000,0x00000000ed880000,0x00000000ee980000)
 ParOldGen       total 80384K, used 26698K [0x00000000a0000000, 0x00000000a4e80000, 0x00000000e0000000)
  object space 80384K, 33% used [0x00000000a0000000,0x00000000a1a12940,0x00000000a4e80000)
 Metaspace       used 56878K, capacity 58978K, committed 59028K, reserved 1099776K
  class space    used 7757K, capacity 8331K, committed 8380K, reserved 1048576K
Event: 38.401 GC heap after
Heap after GC invocations=14 (full 2):
 PSYoungGen      total 222208K, used 9797K [0x00000000e0000000, 0x00000000f0200000, 0x0000000100000000)
  eden space 204800K, 0% used [0x00000000e0000000,0x00000000e0000000,0x00000000ec800000)
  from space 17408K, 56% used [0x00000000ed880000,0x00000000ee211518,0x00000000ee980000)
  to   space 16896K, 0% used [0x00000000ec800000,0x00000000ec800000,0x00000000ed880000)
 ParOldGen       total 80384K, used 35656K [0x00000000a0000000, 0x00000000a4e80000, 0x00000000e0000000)
  object space 80384K, 44% used [0x00000000a0000000,0x00000000a22d21a0,0x00000000a4e80000)
 Metaspace       used 56878K, capacity 58978K, committed 59028K, reserved 1099776K
  class space    used 7757K, capacity 8331K, committed 8380K, reserved 1048576K
}
Event: 38.401 GC heap before
{Heap before GC invocations=15 (full 3):
 PSYoungGen      total 222208K, used 9797K [0x00000000e0000000, 0x00000000f0200000, 0x0000000100000000)
  eden space 204800K, 0% used [0x00000000e0000000,0x00000000e0000000,0x00000000ec800000)
  from space 17408K, 56% used [0x00000000ed880000,0x00000000ee211518,0x00000000ee980000)
  to   space 16896K, 0% used [0x00000000ec800000,0x00000000ec800000,0x00000000ed880000)
 ParOldGen       total 80384K, used 35656K [0x00000000a0000000, 0x00000000a4e80000, 0x00000000e0000000)
  object space 80384K, 44% used [0x00000000a0000000,0x00000000a22d21a0,0x00000000a4e80000)
 Metaspace       used 56878K, capacity 58978K, committed 59028K, reserved 1099776K
  class space    used 7757K, capacity 8331K, committed 8380K, reserved 1048576K
Event: 39.336 GC heap after
Heap after GC invocations=15 (full 3):
 PSYoungGen      total 222208K, used 0K [0x00000000e0000000, 0x00000000f0200000, 0x0000000100000000)
  eden space 204800K, 0% used [0x00000000e0000000,0x00000000e0000000,0x00000000ec800000)
  from space 17408K, 0% used [0x00000000ed880000,0x00000000ed880000,0x00000000ee980000)
  to   space 16896K, 0% used [0x00000000ec800000,0x00000000ec800000,0x00000000ed880000)
 ParOldGen       total 126464K, used 41112K [0x00000000a0000000, 0x00000000a7b80000, 0x00000000e0000000)
  object space 126464K, 32% used [0x00000000a0000000,0x00000000a28263f0,0x00000000a7b80000)
 Metaspace       used 56878K, capacity 58978K, committed 59028K, reserved 1099776K
  class space    used 7757K, capacity 8331K, committed 8380K, reserved 1048576K
}

